  DebugUtils.c
  DynamicList.c
C:\Users\aqua\source\repos\C_Class7\Task2\aquaLib\DynamicList.c(23,21): warning C4133: функция: несовместимые типы - из "int **" в "char **"
C:\Users\aqua\source\repos\C_Class7\Task2\aquaLib\DynamicList.c(88,18): warning C4047: =: "void **" отличается по уровням косвенного обращения от "char *"
  FileUtils.c
C:\Users\aqua\source\repos\C_Class7\Task2\aquaLib\FileUtils.c(48,43): warning C4098: readAllLines_s: функция типа "void", возвращающая значение
C:\Users\aqua\source\repos\C_Class7\Task2\aquaLib\FileUtils.c(52,29): warning C4477: "fscanf_s": в строке форматирования "%s" требуется аргумент типа "char *", но вариативный аргумент "1" имеет тип "const char (*)[2049]"
C:\Users\aqua\source\repos\C_Class7\Task2\aquaLib\FileUtils.c(52,29): message : этот аргумент используется описателем преобразования
C:\Users\aqua\source\repos\C_Class7\Task2\aquaLib\FileUtils.c(58,28): warning C4090: функция: разные квалификаторы "const"
  StringUtils.c
C:\Users\aqua\source\repos\C_Class7\Task2\aquaLib\StringUtils.c(133,19): warning C4090: функция: разные квалификаторы "const"
C:\Users\aqua\source\repos\C_Class7\Task2\aquaLib\StringUtils.c(134,19): warning C4090: функция: разные квалификаторы "const"
C:\Users\aqua\source\repos\C_Class7\Task2\aquaLib\StringUtils.c(134,59): warning C4090: функция: разные квалификаторы "const"
C:\Users\aqua\source\repos\C_Class7\Task2\aquaLib\StringUtils.c(142,17): warning C4090: функция: разные квалификаторы "const"
C:\Users\aqua\source\repos\C_Class7\Task2\aquaLib\StringUtils.c(143,17): warning C4090: функция: разные квалификаторы "const"
C:\Users\aqua\source\repos\C_Class7\Task2\aquaLib\StringUtils.c(143,57): warning C4090: функция: разные квалификаторы "const"
  main.c
C:\Users\aqua\source\repos\C_Class7\Task2\main.c(26,16): warning C4477: "scanf_s": в строке форматирования "%s" требуется аргумент типа "char *", но вариативный аргумент "1" имеет тип "const char (*)[1024]"
C:\Users\aqua\source\repos\C_Class7\Task2\main.c(26,16): message : этот аргумент используется описателем преобразования
C:\Users\aqua\source\repos\C_Class7\Task2\main.c(30,15): warning C4090: функция: разные квалификаторы "const"
C:\Users\aqua\source\repos\C_Class7\Task2\main.c(33,3): warning C4090: функция: разные квалификаторы "const"
C:\Users\aqua\source\repos\C_Class7\Task2\main.c(45,23): warning C4090: функция: разные квалификаторы "const"
C:\Users\aqua\source\repos\C_Class7\Task2\main.c(21,1): warning C4133: инициализация: несовместимые типы - из "void **" в "const char **"
C:\Users\aqua\source\repos\C_Class7\Task2\main.c(20,11): warning C4101: input_buffer: неиспользованная локальная переменная
C:\Users\aqua\source\repos\C_Class7\Task2\main.c(48,29): warning C4028: формальный параметр 1 отличается от объявления
  Создание кода...
C:\Users\aqua\source\repos\C_Class7\Task2\aquaLib\DynamicList.c(42): warning C4715: initCharList: значение возвращается не при всех путях выполнения
  Task2.vcxproj -> C:\Users\aqua\source\repos\C_Class7\Debug\Task2.exe
